<?xml version="1.0" encoding="UTF-8"?>
<testsuite xmlns:xsi="http://www.w3.org/2001/XMLSchema-instance" xsi:noNamespaceSchemaLocation="https://maven.apache.org/surefire/maven-surefire-plugin/xsd/surefire-test-report-3.0.xsd" version="3.0" name="com.example.springboottest.ModelControllerTest" time="2.182" tests="1" errors="0" skipped="0" failures="0">
  <properties>
[...]
</properties>
  <testcase name="getModelInfo_returnsExpectedFields" classname="com.example.springboottest.ModelControllerTest" time="0.679">
    <system-out><![CDATA[00:41:29.902 [main] INFO org.springframework.test.context.support.AnnotationConfigContextLoaderUtils -- Could not detect default configuration classes for test class [com.example.springboottest.ModelControllerTest]: ModelControllerTest does not declare any static, non-private, non-final, nested classes annotated with @Configuration.
00:41:30.030 [main] INFO org.springframework.boot.test.context.SpringBootTestContextBootstrapper -- Found @SpringBootConfiguration com.example.springboottest.SpringbootTestApplication for test class com.example.springboottest.ModelControllerTest

  .   ____          _            __ _ _
 /\\ / ___'_ __ _ _(_)_ __  __ _ \ \ \ \
( ( )\___ | '_ | '_| | '_ \/ _` | \ \ \ \
 \\/  ___)| |_)| | | | | || (_| |  ) ) ) )
  '  |____| .__|_| |_|_| |_\__, | / / / /
 =========|_|==============|___/=/_/_/_/
 :: Spring Boot ::                (v3.2.4)

2026-03-23T00:41:30.454Z  INFO 4301 --- [springboot-test] [           main] c.e.springboottest.ModelControllerTest   : Starting ModelControllerTest using Java 17.0.18 with PID 4301 (started by runner in /home/runner/work/springboot-test/springboot-test)
2026-03-23T00:41:30.455Z  INFO 4301 --- [springboot-test] [           main] c.e.springboottest.ModelControllerTest   : No active profile set, falling back to 1 default profile: "default"
2026-03-23T00:41:31.217Z  INFO 4301 --- [springboot-test] [           main] o.s.b.t.m.w.SpringBootMockServletContext : Initializing Spring TestDispatcherServlet ''
2026-03-23T00:41:31.218Z  INFO 4301 --- [springboot-test] [           main] o.s.t.web.servlet.TestDispatcherServlet  : Initializing Servlet ''
2026-03-23T00:41:31.220Z  INFO 4301 --- [springboot-test] [           main] o.s.t.web.servlet.TestDispatcherServlet  : Completed initialization in 1 ms
2026-03-23T00:41:31.238Z  INFO 4301 --- [springboot-test] [           main] c.e.springboottest.ModelControllerTest   : Started ModelControllerTest in 1.148 seconds (process running for 2.04)
]]></system-out>
  </testcase>
</testsuite>